[ "a" ]
[ _.0 ]
[ "pear" ]
[ ["grape", "a"] ]
[ "o" ]
[ [["raisin", "pear"], "a"] ]
[ _.0 ]
[ "o" ]
[ ["a", "c", "o", "r", "n"] ]
[ [["a", "b", "c"], "d", "e"] ]
[ "d" ]
[ ["e", "a", "d", "c"] ]
[ "d" ]
[ ["d", "a", "d", "c"] ]
[ ["d", "a", "d", "c"] ]
[ ["b", "o", "n", "u", "s"] ]
[]
[ _.0 ]
[ [] ]
[ [_.0, _.1, "salad"] ]
[ _.0 ]
[]
[]
[ [_.0, { "...": _.1 }] ]
[ _.0 ]
[ _.0 ]
[ _.0 ]
[]
[]
[]
[]
[ ["fig", "beet", "roll", "pea"] ]
[]
[]
[ ["fig"] ]
[ ["fig", "pea"] ]
[ "fig" ]
[]
[ "fig" ]
[ ["fig", "fig", "pea"], 
  ["fig", "pea"] ]
[ ["fig", "c", "fig", "e"], 
  ["fig", "e"] ]
[ [["fig", "d", "fig", "e", { "...": _.0 }], _.0], 
  [["fig", "e", { "...": _.0 }], _.0], 
  [["fig", { "...": _.0 }], ["fig", { "...": _.0 }]], 
  [["fig", { "...": _.0 }], [_.1, "fig", { "...": _.0 }]], 
  [["fig", { "...": _.0 }], [_.1, _.2, "fig", { "...": _.0 }]] ]
[ ["a", "b", "d", "pea", "e"], 
  ["a", "b", "pea", "d", "e"], 
  ["a", "b", "pea", "d", "pea", "e"] ]
[ [], 
  ["pea"] ]
[ ["pea"], 
  ["pea"], 
  ["pea", "pea"] ]
[ ["pea", "pea"], 
  ["pea", "pea"], 
  ["pea", "pea"], 
  ["pea", "pea", "pea"] ]
[ ["b", "a", "d", _.0, "e"], 
  ["a", "b", "d", _.0, "e"], 
  ["a", "b", "d", _.0, "e"], 
  ["a", "b", "d", _.0, "e"], 
  ["a", "b", _.0, "d", "e"], 
  ["a", "b", "e", "d", _.0], 
  ["a", "b", _.0, "d", _.1, "e"] ]
[ ["d", "d"], 
  ["d", "d"], 
  [_.0, _.0], 
  ["e", "e"] ]
[ [_.0, _.0, _.1, _.1], 
  [_.0, _.1, [], [_.1]], 
  [_.0, _.1, [_.0, { "...": _.2 }], [_.1, { "...": _.2 }]], 
  [_.0, _.1, [_.2], [_.1, _.2]] ]
[ [_.0, _.0, _.1, _.1], 
  [_.0, _.1, [], [_.1]], 
  [_.0, _.1, [_.0, { "...": _.2 }], [_.1, { "...": _.2 }]], 
  [_.0, _.1, [_.2], [_.1, _.2]], 
  [_.0, _.1, [_.2, _.0, { "...": _.3 }], [_.1, _.2, { "...": _.3 }]] ]
