[ 0, 
  1 ]
[ [0, 0], 
  [1, 1] ]
[ [0, 1], 
  [1, 0] ]
[ [0, 0, 0], 
  [0, 1, 1], 
  [1, 0, 1], 
  [1, 1, 0] ]
[ [1, 1] ]
[ 0 ]
[ [0, 0, 0, 0], 
  [0, 1, 1, 0], 
  [1, 0, 1, 0], 
  [1, 1, 0, 1] ]
[ [0, 1] ]
[ [1, 1] ]
[ [0, 0, 0, 0, 0], 
  [1, 0, 0, 1, 0], 
  [0, 0, 1, 1, 0], 
  [1, 0, 1, 0, 1], 
  [0, 1, 0, 1, 0], 
  [1, 1, 0, 0, 1], 
  [0, 1, 1, 0, 1], 
  [1, 1, 1, 1, 1] ]
[ _.0 ]
[ _.0 ]
[]
[ [_.0, ..._.1 ] ]
[ _.0 ]
[ _.0 ]
[]
[]
[ [_.0, _.1, ..._.2 ] ]
[ [_.0, [], _.0], 
  [[], [_.0, ..._.1 ], [_.0, ..._.1 ]] ]
[ [_.0, [], _.0], 
  [[], [_.0, ..._.1 ], [_.0, ..._.1 ]], 
  [[1], [1], [0, 1]] ]
[ [_.0, [], _.0], 
  [[], [_.0, ..._.1 ], [_.0, ..._.1 ]], 
  [[1], [1], [0, 1]], 
  [[1], [0, _.0, ..._.1 ], [1, _.0, ..._.1 ]] ]
[ [_.0, [], _.0], 
  [[], [_.0, ..._.1 ], [_.0, ..._.1 ]], 
  [[1], [1], [0, 1]], 
  [[1], [0, _.0, ..._.1 ], [1, _.0, ..._.1 ]], 
  [[0, _.0, ..._.1 ], [1], [1, _.0, ..._.1 ]] ]
[ [_.0, [], _.0], 
  [[], [_.0, ..._.1 ], [_.0, ..._.1 ]], 
  [[1], [1], [0, 1]], 
  [[1], [0, _.0, ..._.1 ], [1, _.0, ..._.1 ]], 
  [[0, _.0, ..._.1 ], [1], [1, _.0, ..._.1 ]], 
  [[0, 1], [0, 1], [0, 0, 1]], 
  [[0, 1], [1, 1], [1, 0, 1]], 
  [[1, 1], [0, 1], [1, 0, 1]], 
  [[1, 1], [1, 1], [0, 1, 1]], 
  [[1], [1, 1], [0, 0, 1]], 
  [[1, 1], [1], [0, 0, 1]], 
  [[0, 1], [0, 0, _.0, ..._.1 ], [0, 1, _.0, ..._.1 ]], 
  [[0, 1], [1, 0, _.0, ..._.1 ], [1, 1, _.0, ..._.1 ]], 
  [[1, 1], [0, 0, _.0, ..._.1 ], [1, 1, _.0, ..._.1 ]], 
  [[1], [1, 0, _.0, ..._.1 ], [0, 1, _.0, ..._.1 ]], 
  [[0, 0, _.0, ..._.1 ], [0, 1], [0, 1, _.0, ..._.1 ]], 
  [[0, 0, _.0, ..._.1 ], [1, 1], [1, 1, _.0, ..._.1 ]], 
  [[1, 0, _.0, ..._.1 ], [0, 1], [1, 1, _.0, ..._.1 ]], 
  [[1, 0, _.0, ..._.1 ], [1], [0, 1, _.0, ..._.1 ]] ]
[ [[1, 0, 1], []], 
  [[], [1, 0, 1]], 
  [[1], [0, 0, 1]], 
  [[0, 0, 1], [1]], 
  [[0, 1], [1, 1]], 
  [[1, 1], [0, 1]] ]
[ [[1], []], 
  [[], [1]] ]
[ [[0, 1], []], 
  [[], [0, 1]], 
  [[1], [1]] ]
[ [[1, 1], []], 
  [[], [1, 1]], 
  [[1], [0, 1]], 
  [[0, 1], [1]] ]
[ [[1, 0, 1], []], 
  [[], [1, 0, 1]], 
  [[1], [0, 0, 1]], 
  [[0, 0, 1], [1]], 
  [[0, 1], [1, 1]], 
  [[1, 1], [0, 1]] ]
[ [] ]
[]
[ [0, 1] ]
[ [1, 1] ]
[ [0, 0, 0, 1] ]
[ [1, 1] ]
[ [_.0] ]
[ [_.0, _.1] ]
[ [], 
  [1], 
  [0, 1] ]
[ [[], _.0, []], 
  [[_.0, ..._.1 ], [], []], 
  [[1], [_.0, ..._.1 ], [_.0, ..._.1 ]], 
  [[_.0, _.1, ..._.2 ], [1], [_.0, _.1, ..._.2 ]], 
  [[0, 1], [_.0, _.1, ..._.2 ], [0, _.0, _.1, ..._.2 ]], 
  [[1, _.0, ..._.1 ], [0, 1], [0, 1, _.0, ..._.1 ]], 
  [[0, 0, 1], [_.0, _.1, ..._.2 ], [0, 0, _.0, _.1, ..._.2 ]], 
  [[0, 1, _.0, ..._.1 ], [0, 1], [0, 0, 1, _.0, ..._.1 ]], 
  [[1, _.0, ..._.1 ], [0, 0, 1], [0, 0, 1, _.0, ..._.1 ]], 
  [[0, 0, 0, 1], [_.0, _.1, ..._.2 ], [0, 0, 0, _.0, _.1, ..._.2 ]] ]
[ [0, 0, 0, 1] ]
[ [[1, 1], [1, 1], [1, 0, 0, 1]] ]
[ [[1], [1]] ]
[ [[1], [1, 1]], 
  [[1, 1], [1]] ]
[]
[ [[1], [1]] ]
[ [1, 0, 0, 1, 1, 1, 0, 1, 1] ]
[ [_.0, _.1, [_.2, 1]] ]
[ 1 ]
[ [_.0, 1] ]
[ [[], []], 
  [[1], [1]], 
  [[_.0, 1], [_.1, 1]], 
  [[_.0, _.1, 1], [_.2, _.3, 1]], 
  [[_.0, _.1, _.2, 1], [_.3, _.4, _.5, 1]] ]
[ [[1], [1]], 
  [[_.0, 1], [_.1, 1]], 
  [[_.0, _.1, 1], [_.2, _.3, 1]], 
  [[_.0, _.1, _.2, 1], [_.3, _.4, _.5, 1]], 
  [[_.0, _.1, _.2, _.3, 1], [_.4, _.5, _.6, _.7, 1]] ]
