[ 
  [[2, 1, 3], ["drop", "swap", "drop"]],
  [[1, 3], ["swap", "drop"]],
  [[3, 1], ["drop"]],
  [[1], []]
]
[ 
  [[1, [], 2, 3], ["cons", "swap", "cons", "swap", "cons"]],
  [[[1], 2, 3], ["swap", "cons", "swap", "cons"]],
  [[2, [1], 3], ["cons", "swap", "cons"]],
  [[[2, 1], 3], ["swap", "cons"]],
  [[3, [2, 1]], ["cons"]],
  [[[3, 2, 1]], []]
]
[]
[ 
  ["lit", "you", "lit", "love", "lit", "I"],
  ["lit", "love", "lit", "you", "swap", "lit", "I"],
  ["lit", "you", "lit", "I", "lit", "love", "swap"],
  ["lit", "I", "lit", "love", "lit", "you", "rot"],
  [[_.0], "drop", "lit", "you", "lit", "love", "lit", "I"],
  ["lit", "you", [_.0], "drop", "lit", "love", "lit", "I"],
  ["lit", "you", "dup", "drop", "lit", "love", "lit", "I"],
  ["lit", _.0, "drop", "lit", "you", "lit", "love", "lit", "I"],
  ["lit", "you", "lit", "love", [_.0], "drop", "lit", "I"],
  ["lit", "you", "lit", "love", "dup", "drop", "lit", "I"]
]
[[[_.0]]]
