[Type::Arrow(_.0, _.0)]
[ 
  Exp::Fn(_.0, Exp::Var(_.0)),
  Exp::Fn(_.0, Exp::Ap(Exp::Fn(_.1, Exp::Var(_.1)), Exp::Var(_.0))),
  Exp::Ap(Exp::Fn(_.0, Exp::Var(_.0)), Exp::Fn(_.1, Exp::Var(_.1))),
  Exp::Ap(
    Exp::Fn(_.0, Exp::Fn(_.1, Exp::Var(_.1))),
    Exp::Fn(_.2, Exp::Var(_.2)),
  ),
  Exp::Fn(_.0, Exp::Ap(Exp::Fn(_.1, Exp::Var(_.0)), Exp::Var(_.0))) with { NotEqual(_.1, _.0) },
  Exp::Ap(
    Exp::Fn(_.0, Exp::Fn(_.1, Exp::Var(_.1))),
    Exp::Fn(_.2, Exp::Fn(_.3, Exp::Var(_.3))),
  ),
  Exp::Fn(
    _.0,
    Exp::Ap(Exp::Fn(_.1, Exp::Var(_.0)), Exp::Fn(_.2, Exp::Var(_.2))),
  ) with { NotEqual(_.1, _.0) },
  Exp::Ap(
    Exp::Fn(_.0, Exp::Fn(_.1, Exp::Var(_.1))),
    Exp::Fn(_.2, Exp::Fn(_.3, Exp::Fn(_.4, Exp::Var(_.4)))),
  ),
  Exp::Fn(
    _.0,
    Exp::Ap(
      Exp::Fn(_.1, Exp::Var(_.1)),
      Exp::Ap(Exp::Fn(_.2, Exp::Var(_.2)), Exp::Var(_.0)),
    ),
  ),
  Exp::Fn(
    _.0,
    Exp::Ap(
      Exp::Fn(_.1, Exp::Var(_.0)),
      Exp::Fn(_.2, Exp::Fn(_.3, Exp::Var(_.3))),
    ),
  ) with { NotEqual(_.1, _.0) }
]
[]
