[ 
  Nat::zero(),
  Nat::add1(Nat::zero()),
  Exp::add1(Nat::zero()),
  Exp::sub1(Nat::zero()),
  Nat::add1(Nat::add1(Nat::zero())),
  Exp::add1(Nat::add1(Nat::zero())),
  Exp::add1(Exp::add1(Nat::zero())),
  Exp::add1(Exp::sub1(Nat::zero())),
  Exp::sub1(Nat::add1(Nat::zero())),
  Exp::sub1(Exp::add1(Nat::zero())),
  Exp::sub1(Exp::sub1(Nat::zero())),
  Nat::add1(Nat::add1(Nat::add1(Nat::zero()))),
  Exp::add1(Nat::add1(Nat::add1(Nat::zero()))),
  Exp::add1(Exp::add1(Nat::add1(Nat::zero()))),
  Exp::add1(Exp::add1(Exp::add1(Nat::zero()))),
  Exp::add1(Exp::add1(Exp::sub1(Nat::zero()))),
  Exp::add1(Exp::sub1(Nat::add1(Nat::zero()))),
  Exp::add1(Exp::sub1(Exp::add1(Nat::zero()))),
  Exp::add1(Exp::sub1(Exp::sub1(Nat::zero()))),
  Exp::sub1(Nat::add1(Nat::add1(Nat::zero()))),
  Exp::sub1(Exp::add1(Nat::add1(Nat::zero()))),
  Exp::sub1(Exp::add1(Exp::add1(Nat::zero()))),
  Exp::sub1(Exp::add1(Exp::sub1(Nat::zero()))),
  Exp::sub1(Exp::sub1(Nat::add1(Nat::zero()))),
  Exp::sub1(Exp::sub1(Exp::add1(Nat::zero()))),
  Exp::sub1(Exp::sub1(Exp::sub1(Nat::zero()))),
  Nat::add1(Nat::add1(Nat::add1(Nat::add1(Nat::zero())))),
  Exp::add1(Nat::add1(Nat::add1(Nat::add1(Nat::zero())))),
  Exp::add1(Exp::add1(Nat::add1(Nat::add1(Nat::zero())))),
  Exp::add1(Exp::add1(Exp::add1(Nat::add1(Nat::zero()))))
]
[ 
  true,
  false,
  Exp::isZero(Nat::zero()),
  Exp::isZero(Nat::add1(Nat::zero())),
  Exp::isZero(Exp::add1(Nat::zero())),
  Exp::isZero(Exp::sub1(Nat::zero())),
  Exp::isZero(Nat::add1(Nat::add1(Nat::zero()))),
  Exp::isZero(Exp::add1(Nat::add1(Nat::zero()))),
  Exp::isZero(Exp::add1(Exp::add1(Nat::zero()))),
  Exp::isZero(Exp::add1(Exp::sub1(Nat::zero()))),
  Exp::isZero(Exp::sub1(Nat::add1(Nat::zero()))),
  Exp::isZero(Exp::sub1(Exp::add1(Nat::zero()))),
  Exp::isZero(Exp::sub1(Exp::sub1(Nat::zero()))),
  Exp::isZero(Nat::add1(Nat::add1(Nat::add1(Nat::zero())))),
  Exp::isZero(Exp::add1(Nat::add1(Nat::add1(Nat::zero())))),
  Exp::isZero(Exp::add1(Exp::add1(Nat::add1(Nat::zero())))),
  Exp::isZero(Exp::add1(Exp::add1(Exp::add1(Nat::zero())))),
  Exp::isZero(Exp::add1(Exp::add1(Exp::sub1(Nat::zero())))),
  Exp::isZero(Exp::add1(Exp::sub1(Nat::add1(Nat::zero())))),
  Exp::isZero(Exp::add1(Exp::sub1(Exp::add1(Nat::zero())))),
  Exp::isZero(Exp::add1(Exp::sub1(Exp::sub1(Nat::zero())))),
  Exp::isZero(Exp::sub1(Nat::add1(Nat::add1(Nat::zero())))),
  Exp::isZero(Exp::sub1(Exp::add1(Nat::add1(Nat::zero())))),
  Exp::isZero(Exp::sub1(Exp::add1(Exp::add1(Nat::zero())))),
  Exp::isZero(Exp::sub1(Exp::add1(Exp::sub1(Nat::zero())))),
  Exp::isZero(Exp::sub1(Exp::sub1(Nat::add1(Nat::zero())))),
  Exp::isZero(Exp::sub1(Exp::sub1(Exp::add1(Nat::zero())))),
  Exp::isZero(Exp::sub1(Exp::sub1(Exp::sub1(Nat::zero())))),
  Exp::isZero(Nat::add1(Nat::add1(Nat::add1(Nat::add1(Nat::zero()))))),
  Exp::isZero(Exp::add1(Nat::add1(Nat::add1(Nat::add1(Nat::zero())))))
]
[ 
  Type::nat()
]
