[ 
  [[2, 1, 3], ["drop", "swap", "drop"]],
  [["swap", 1, 2, 3], ["drop", "swap", "drop"]],
  [[1, 3], ["swap", "drop"]],
  [["drop", 2, 1, 3], ["swap", "drop"]],
  [[1, 2, 3], ["swap", "drop"]],
  [["drop", "swap", 1, 2, 3], ["swap", "drop"]],
  [[3, 1], ["drop"]],
  [["swap", 1, 3], ["drop"]],
  [[2, "drop", 1, 3], ["drop"]],
  [["swap", "drop", 2, 1, 3], ["drop"]],
  [[2, 1, 3], ["drop"]],
  [["swap", 1, 2, 3], ["drop"]],
  [["swap", "drop", 1, 2, 3], ["drop"]],
  [["swap", "drop", "swap", 1, 2, 3], ["drop"]],
  [[1], []],
  [["drop", 3, 1], []],
  [[1, 3], []],
  [["drop", "swap", 1, 3], []],
  [["drop", 1, 3], []],
  [["drop", 2, "drop", 1, 3], []],
  [["drop", 2, 1, 3], []],
  [["drop", "swap", "drop", 2, 1, 3], []],
  [[1, 3], []],
  [["drop", 2, 1, 3], []],
  [[1, 2, 3], []],
  [["drop", "swap", 1, 2, 3], []],
  [["drop", 1, 2, 3], []],
  [["drop", "swap", "drop", 1, 2, 3], []],
  [["drop", "swap", 1, 2, 3], []],
  [["drop", "swap", "drop", "swap", 1, 2, 3], []]
]
[ 
  ["you", "love", "I"],
  ["love", "you", "swap", "I"],
  ["you", "I", "love", "swap"],
  [[[]], "apply", "you", "love", "I"],
  ["you", [[]], "apply", "love", "I"],
  ["you", "love", [[]], "apply", "I"],
  ["you", "love", "I", [[]], "apply"],
  ["you", "dup", "drop", "love", "I"],
  [_.0, "drop", "you", "love", "I"],
  ["you", "love", "dup", "drop", "I"]
]
