[]
[]
["pea"]
["pea"]
[_.0]
[_.0]
[_.0]
[_.0]
[[_.0]]
[_.0]
[_.0]
["pod"]
[[_.0, _.0]]
[[_.0, _.1]]
[[_.0, _.1]]
[[_.0, _.1, _.0]]
[]
[]
[_.0]
["corn"]
[]
[]
[]
["corn"]
["tea", "cup"]
[ 
  ["tea", "tea"],
  ["tea", "cup"],
  ["cup", "tea"],
  ["cup", "cup"]
]
[["tea", _.0], ["cup", _.0]]
[["tea", _.0], ["cup", _.0]]
["a"]
[_.0]
["pear"]
[["grape", "a"]]
["o"]
[[["raisin", "pear"], "a"]]
[_.0]
["o"]
[["a", "c", "o", "r", "n"]]
[[["a", "b", "c"], "d", "e"]]
["d"]
[["e", "a", "d", "c"]]
["d"]
[["d", "a", "d", "c"]]
[["d", "a", "d", "c"]]
[["b", "o", "n", "u", "s"]]
[]
[_.0]
[[]]
[[_.0, _.1, "salad"]]
[_.0]
[]
[]
[[_.0 | _.1]]
[_.0]
[_.0]
[_.0]
[]
[]
[]
[]
[_.0]
[[]]
[ 
  [],
  [_.0],
  [_.0, _.1],
  [_.0, _.1, _.2],
  [_.0, _.1, _.2, _.3]
]
[_.0]
[[]]
[[], [[]], [[_.0]], [[_.0, _.1]], [[], []]]
[[], [[]], [[_.0]], [[_.0, _.1]], [[], []]]
[[], [[]], [[_.0]], [[_.0, _.1]], [[], []]]
[[]]
[ 
  [],
  [[_.0]],
  [[_.0], [_.1]],
  [[_.0], [_.1], [_.2]],
  [[_.0], [_.1], [_.2], [_.3]]
]
[ 
  [[], [_.0], []],
  [[], [_.0], [[_.1]]],
  [[], [_.0], [[_.1], [_.2]]],
  [[], [_.0], [[_.1], [_.2], [_.3]]],
  [[], [_.0], [[_.1], [_.2], [_.3], [_.4]]]
]
[ 
  [["g"], ["e"], [_.0]],
  [["g"], ["e"], [_.0], [_.1]],
  [["g"], ["e"], [_.0], [_.1], [_.2]],
  [["g"], ["e"], [_.0], [_.1], [_.2], [_.3]],
  [["g"], ["e"], [_.0], [_.1], [_.2], [_.3], [_.4]]
]
[_.0]
["virgin", "olive", "oil"]
["hummus", "with", "pita"]
["pear", "grape"]
["e"]
[_.0, "e"]
["e", _.0]
[["e", _.0], [_.0, "e"]]
[ 
  ["pasta", "e", "fagioli", _.0],
  ["pasta", _.0, "fagioli", "e"]
]
[ 
  ["tofu" | _.0],
  [_.0, "tofu" | _.1],
  [_.0, _.1, "tofu" | _.2],
  [_.0, _.1, _.2, "tofu" | _.3],
  [_.0, _.1, _.2, _.3, "tofu" | _.4]
]
[ 
  ["tofu"],
  ["tofu", _.0],
  [_.0, "tofu"],
  ["tofu", _.0, _.1],
  [_.0, "tofu", _.1]
]
[ 
  ["tofu"],
  ["tofu", _.0],
  [_.0, "tofu"],
  ["tofu", _.0, _.1],
  [_.0, "tofu", _.1],
  [_.0, _.1, "tofu"],
  ["tofu", _.0, _.1, _.2],
  [_.0, "tofu", _.1, _.2],
  [_.0, _.1, "tofu", _.2],
  [_.0, _.1, _.2, "tofu"],
  ["tofu", _.0, _.1, _.2, _.3],
  [_.0, "tofu", _.1, _.2, _.3]
]
