[ 
  "sussex",
  "hampshire",
  "hampshire",
  "berkshire",
  "kent",
  "surrey",
  "kent"
]
[ 
  "sussex",
  "surrey",
  "kent",
  "sussex",
  "hampshire",
  "berkshire",
  "sussex",
  "surrey",
  "berkshire",
  "wiltshire"
]
[ 
  ["sussex", "sussex"],
  ["sussex", "surrey"],
  ["sussex", "kent"],
  ["sussex", "sussex"],
  ["sussex", "hampshire"],
  ["sussex", "berkshire"],
  ["surrey", "sussex"],
  ["surrey", "surrey"],
  ["hampshire", "kent"],
  ["hampshire", "surrey"],
  ["hampshire", "hampshire"],
  ["hampshire", "kent"],
  ["hampshire", "sussex"],
  ["hampshire", "hampshire"],
  ["hampshire", "berkshire"],
  ["hampshire", "surrey"],
  ["hampshire", "hampshire"],
  ["hampshire", "wiltshire"],
  ["berkshire", "kent"],
  ["berkshire", "sussex"],
  ["berkshire", "hampshire"],
  ["berkshire", "berkshire"],
  ["wiltshire", "sussex"],
  ["wiltshire", "surrey"],
  ["wiltshire", "berkshire"],
  ["wiltshire", "wiltshire"],
  ["wiltshire", "surrey"],
  ["wiltshire", "hampshire"],
  ["wiltshire", "wiltshire"],
  ["kent", "kent"],
  ["kent", "surrey"],
  ["kent", "hampshire"],
  ["surrey", "kent"],
  ["surrey", "surrey"],
  ["surrey", "hampshire"],
  ["kent", "kent"],
  ["kent", "sussex"],
  ["kent", "hampshire"],
  ["kent", "berkshire"],
  ["sussex", "sussex"],
  ["sussex", "surrey"],
  ["sussex", "berkshire"],
  ["sussex", "wiltshire"],
  ["surrey", "sussex"],
  ["surrey", "surrey"],
  ["surrey", "berkshire"],
  ["surrey", "wiltshire"],
  ["berkshire", "sussex"],
  ["berkshire", "surrey"],
  ["berkshire", "berkshire"],
  ["berkshire", "wiltshire"],
  ["surrey", "surrey"],
  ["surrey", "hampshire"],
  ["surrey", "wiltshire"],
  ["hampshire", "hampshire"],
  ["hampshire", "berkshire"],
  ["berkshire", "hampshire"],
  ["berkshire", "berkshire"]
]
