[ "foo", "bar" with { disj { ?name2_9 != "x" } } ]
[ "foo", "bar" with { disj { ?name2_39 != "x" } } ]
[ 
  Exp::ap(
    Exp::fn("x", Exp::fn("y", Exp::var("x"))),
    Exp::fn("z", Exp::var("z")),
  ),
  Exp::ap(
    Exp::fn("x", Exp::ap(Exp::var(_.0), Exp::fn("y", Exp::var("x")))),
    Exp::fn("z", Exp::var("z")),
  ),
  Exp::ap(
    Exp::fn(
      "x",
      Exp::ap(Exp::fn(_.0, Exp::var(_.1)), Exp::fn("y", Exp::var("x"))),
    ),
    Exp::fn("z", Exp::var("z")),
  ),
  Exp::ap(
    Exp::fn("x", Exp::fn("y", Exp::var("x"))),
    Exp::ap(Exp::fn(_.0, Exp::var(_.1)), Exp::fn("z", Exp::var("z"))),
  ),
  Exp::ap(
    Exp::fn(_.0, Exp::var(_.1)),
    Exp::ap(
      Exp::fn("x", Exp::fn("y", Exp::var("x"))),
      Exp::fn("z", Exp::var("z")),
    ),
  )
]
