[ 
  _.0 with {
    FiniteDomain(In(_.0, [1, 2, 3]))
    FiniteDomain(NotEq(_.0, 2))
  }
]
[ 
  [_.0, _.0, _.1] with {
    FiniteDomain(In(_.1, [5, 6]))
    FiniteDomain($Goal(Equal(y#63, 3)))
  }
]
[ 
  _.0 with {
    FiniteDomain(LtEq(_.0, 7))
    FiniteDomain(LtEq(2, _.0))
    FiniteDomain($Goal(NotEqual(2, x#448)))
    FiniteDomain(Range(_.0, 0, 10))
  }
]
[ 
  [_.0, _.1] with {
    FiniteDomain($Goal(NotEqual(x#626, y#627)))
    FiniteDomain($Goal(NotEqual(y#627, x#626)))
    FiniteDomain($Goal(Equal(x#626, y#627)))
  }
]
[5]
[_.0 with { FiniteDomain(In(_.0, [1, 2, 3])) }]
[ 
  [_.0, _.1] with {
    NotEqual(_.1, _.0)
    FiniteDomain(In(_.0, [1, 2, 3]))
    FiniteDomain(In(_.1, [1, 2, 3]))
  }
]
[ 
  _.0 with {
    NotEqual(_.0, 3)
    NotEqual(_.0, 2)
    FiniteDomain(In(_.0, [3, 4, 5, 6]))
  }
]
[ 
  [_.0, _.1, _.2] with {
    FiniteDomain(In(_.0, [1, 2, 3, 4, 5]))
    FiniteDomain(In(_.1, [1, 2, 3, 4, 5]))
    FiniteDomain(In(_.2, [1, 2, 3, 4, 5]))
    FiniteDomain(LtEq(_.2, _.0))
    FiniteDomain($Goal(NotEqual(z#1420, x#1418)))
    FiniteDomain(Add(_.1, 2, _.2))
  }
]
[ 
  [_.0, _.1] with {
    FiniteDomain(Range(_.1, 3, 5))
    FiniteDomain(LtEq(_.0, 5))
    FiniteDomain(Range(_.0, 3, 4))
  }
]
[ 
  [_.0, _.1] with {
    FiniteDomain(Range(_.1, 3, 5))
    FiniteDomain(Range(_.0, 3, 4))
    FiniteDomain(LtEq(_.0, 5))
    FiniteDomain($Goal(NotEqual(y#2030, 5)))
  }
]
[ 
  [_.0, _.1] with {
    FiniteDomain(Range(_.1, 3, 5))
    FiniteDomain(LtEq(_.0, 5))
    FiniteDomain($Goal(NotEqual(y#2340, 5)))
    FiniteDomain(Range(_.0, 3, 4))
  }
]
[ 
  [1, 2, _.0] with {
    NotEqual(_.0, 2)
    NotEqual(_.0, 1)
    FiniteDomain(Range(_.0, 1, 5))
  }
]
