[_.0]
[[]]
[ 
  [],
  [_.0],
  [_.0, _.1],
  [_.0, _.1, _.2],
  [_.0, _.1, _.2, _.3]
]
[_.0]
[[]]
[[], [[]], [[_.0]], [[_.0, _.1]], [[], []]]
[[], [[]], [[_.0]], [[_.0, _.1]], [[], []]]
[[], [[]], [[_.0]], [[_.0, _.1]], [[], []]]
[[]]
[ 
  [],
  [[_.0]],
  [[_.0], [_.1]],
  [[_.0], [_.1], [_.2]],
  [[_.0], [_.1], [_.2], [_.3]]
]
[ 
  [[], [_.0], []],
  [[], [_.0], [[_.1]]],
  [[], [_.0], [[_.1], [_.2]]],
  [[], [_.0], [[_.1], [_.2], [_.3]]],
  [[], [_.0], [[_.1], [_.2], [_.3], [_.4]]]
]
[ 
  [["g"], ["e"], [_.0]],
  [["g"], ["e"], [_.0], [_.1]],
  [["g"], ["e"], [_.0], [_.1], [_.2]],
  [["g"], ["e"], [_.0], [_.1], [_.2], [_.3]],
  [["g"], ["e"], [_.0], [_.1], [_.2], [_.3], [_.4]]
]
[_.0]
["virgin", "olive", "oil"]
["hummus", "with", "pita"]
["pear", "grape"]
["e"]
[_.0, "e"]
["e", _.0]
[["e", _.0], [_.0, "e"]]
[ 
  ["pasta", "e", "fagioli", _.0],
  ["pasta", _.0, "fagioli", "e"]
]
[ 
  ["tofu" | _.0],
  [_.0, "tofu" | _.1],
  [_.0, _.1, "tofu" | _.2],
  [_.0, _.1, _.2, "tofu" | _.3],
  [_.0, _.1, _.2, _.3, "tofu" | _.4]
]
[ 
  ["tofu"],
  ["tofu", _.0],
  [_.0, "tofu"],
  ["tofu", _.0, _.1],
  [_.0, "tofu", _.1]
]
[ 
  ["tofu"],
  ["tofu", _.0],
  [_.0, "tofu"],
  ["tofu", _.0, _.1],
  [_.0, "tofu", _.1],
  [_.0, _.1, "tofu"],
  ["tofu", _.0, _.1, _.2],
  [_.0, "tofu", _.1, _.2],
  [_.0, _.1, "tofu", _.2],
  [_.0, _.1, _.2, "tofu"],
  ["tofu", _.0, _.1, _.2, _.3],
  [_.0, "tofu", _.1, _.2, _.3]
]
