[[1, 2, 3, 4, 5]]
[[4, 5]]
[]
[[4, 5 | 1]]
[ 
  [],
  [_.0],
  [_.0, _.1],
  [_.0, _.1, _.2],
  [_.0, _.1, _.2, _.3],
  [_.0, _.1, _.2, _.3, _.4]
]
[ 
  [[], _.0, _.0],
  [[_.0], _.1, [_.0 | _.1]],
  [[_.0, _.1], _.2, [_.0, _.1 | _.2]],
  [[_.0, _.1, _.2], _.3, [_.0, _.1, _.2 | _.3]],
  [[_.0, _.1, _.2, _.3], _.4, [_.0, _.1, _.2, _.3 | _.4]],
  [ 
    [_.0, _.1, _.2, _.3, _.4],
    _.5,
    [_.0, _.1, _.2, _.3, _.4 | _.5]
  ]
]
[["cake", "tastes", "yummy"]]
[["cake", "&", "ice", _.0, "tastes", "yummy"]]
[["cake", "&", "ice", "cream" | _.0]]
[["cake", "&", "ice", "d", "t"]]
[ 
  ["cake", "&", "ice", "d", "t"],
  ["cake", "&", "ice", _.0, "d", "t"],
  ["cake", "&", "ice", _.0, _.1, "d", "t"],
  ["cake", "&", "ice", _.0, _.1, _.2, "d", "t"],
  ["cake", "&", "ice", _.0, _.1, _.2, _.3, "d", "t"]
]
[ 
  [],
  [_.0],
  [_.0, _.1],
  [_.0, _.1, _.2],
  [_.0, _.1, _.2, _.3]
]
[ 
  ["cake", "&", "ice", "d", "t"],
  ["cake", "&", "ice", _.0, "d", "t", _.0],
  ["cake", "&", "ice", _.0, _.1, "d", "t", _.0, _.1],
  ["cake", "&", "ice", _.0, _.1, _.2, "d", "t", _.0, _.1, _.2],
  [ 
    "cake",
    "&",
    "ice",
    _.0,
    _.1,
    _.2,
    _.3,
    "d",
    "t",
    _.0,
    _.1,
    _.2,
    _.3
  ]
]
[["cake", "&", "ice", "cream", "d", "t" | _.0]]
[ 
  [[], ["cake", "&", "ice", "d", "t"]],
  [["cake"], ["&", "ice", "d", "t"]],
  [["cake", "&"], ["ice", "d", "t"]],
  [["cake", "&", "ice"], ["d", "t"]],
  [["cake", "&", "ice", "d"], ["t"]],
  [["cake", "&", "ice", "d", "t"], []]
]
[[[["pizza"]]], [["pizza"]], ["pizza"], "pizza"]
["pizza", ["pizza" | _.0], [["pizza" | _.0] | _.1]]
["pizza", ["pizza" | _.0], [["pizza" | _.0] | _.1]]
